This is XeTeX, Version 3.14159265-2.6-0.99998 (TeX Live 2017/Debian) (preloaded format=xelatex 2018.10.20)  21 OCT 2018 02:19
entering extended mode
 restricted \write18 enabled.
 %&-line parsing enabled.
**impore.tex
(./impore.tex
LaTeX2e <2017-04-15>
Babel <3.18> and hyphenation patterns for 84 language(s) loaded.
(/usr/share/texlive/texmf-dist/tex/latex/base/article.cls
Document Class: article 2014/09/29 v1.4h Standard LaTeX document class
(/usr/share/texlive/texmf-dist/tex/latex/base/size10.clo
File: size10.clo 2014/09/29 v1.4h Standard LaTeX file (size option)
)
\c@part=\count79
\c@section=\count80
\c@subsection=\count81
\c@subsubsection=\count82
\c@paragraph=\count83
\c@subparagraph=\count84
\c@figure=\count85
\c@table=\count86
\abovecaptionskip=\skip41
\belowcaptionskip=\skip42
\bibindent=\dimen102
)
(/usr/share/texlive/texmf-dist/tex/latex/cite/cite.sty
LaTeX Info: Redefining \cite on input line 302.
LaTeX Info: Redefining \nocite on input line 332.
Package: cite 2015/02/27  v 5.5
)

LaTeX Warning: Unused global option(s):
    [•].

(./impore.aux)
\openout1 = `impore.aux'.

LaTeX Font Info:    Checking defaults for OML/cmm/m/it on input line 3.
LaTeX Font Info:    ... okay on input line 3.
LaTeX Font Info:    Checking defaults for T1/cmr/m/n on input line 3.
LaTeX Font Info:    ... okay on input line 3.
LaTeX Font Info:    Checking defaults for OT1/cmr/m/n on input line 3.
LaTeX Font Info:    ... okay on input line 3.
LaTeX Font Info:    Checking defaults for OMS/cmsy/m/n on input line 3.
LaTeX Font Info:    ... okay on input line 3.
LaTeX Font Info:    Checking defaults for TU/lmr/m/n on input line 3.
LaTeX Font Info:    ... okay on input line 3.
LaTeX Font Info:    Checking defaults for OMX/cmex/m/n on input line 3.
LaTeX Font Info:    ... okay on input line 3.
LaTeX Font Info:    Checking defaults for U/cmr/m/n on input line 3.
LaTeX Font Info:    ... okay on input line 3.
Missing character: There is no 这 in font [lmroman10-regular]:mapping=tex-text;!
Missing character: There is no 段 in font [lmroman10-regular]:mapping=tex-text;!
Missing character: There is no 话 in font [lmroman10-regular]:mapping=tex-text;!
Missing character: There is no 来 in font [lmroman10-regular]:mapping=tex-text;!
Missing character: There is no 自 in font [lmroman10-regular]:mapping=tex-text;!


LaTeX Warning: Citation `abcd' on page 1 undefined on input line 6.

No file impore.bbl.
[1

] (./impore.aux)

LaTeX Warning: There were undefined references.

 ) 
Here is how much of TeX's memory you used:
 300 strings out of 493007
 3399 string characters out of 6136718
 61831 words of memory out of 5000000
 4349 multiletter control sequences out of 15000+600000
 3656 words of font info for 16 fonts, out of 8000000 for 9000
 1348 hyphenation exceptions out of 8191
 22i,4n,18p,131b,107s stack positions out of 5000i,500n,10000p,200000b,80000s

Output written on impore.pdf (1 page).
